{
  "numFailedTestSuites": 1,
  "numFailedTests": 1,
  "numPassedTestSuites": 0,
  "numPassedTests": 2,
  "numPendingTestSuites": 0,
  "numPendingTests": 0,
  "numRuntimeErrorTestSuites": 0,
  "numTodoTests": 0,
  "numTotalTestSuites": 1,
  "numTotalTests": 3,
  "openHandles": [],
  "snapshot": {
    "added": 0,
    "didUpdate": false,
    "failure": false,
    "filesAdded": 0,
    "filesRemoved": 0,
    "filesRemovedList": [],
    "filesUnmatched": 0,
    "filesUpdated": 0,
    "matched": 0,
    "total": 0,
    "unchecked": 0,
    "uncheckedKeysByFile": [],
    "unmatched": 0,
    "updated": 0
  },
  "startTime": 1766204736162,
  "success": false,
  "testResults": [
    {
      "assertionResults": [
        {
          "ancestorTitles": ["Auth Integration"],
          "duration": 682,
          "failing": false,
          "failureDetails": [{}],
          "failureMessages": [
            "Error: \u001b[2mexpect(\u001b[22m\u001b[31mreceived\u001b[39m\u001b[2m).\u001b[22mtoHaveProperty\u001b[2m(\u001b[22m\u001b[32mpath\u001b[39m\u001b[2m)\u001b[22m\n\n\u001b[1mMatcher error\u001b[22m: \u001b[31mreceived\u001b[39m value must not be null nor undefined\n\nReceived has value: \u001b[31mundefined\u001b[39m\n    at Object.<anonymous> (C:\\Users\\akash\\Documents\\Param_Adventures_Phase1\\apps\\api\\tests\\integration\\auth.test.ts:37:27)\n    at processTicksAndRejections (node:internal/process/task_queues:105:5)"
          ],
          "fullName": "Auth Integration should register a new user",
          "invocations": 1,
          "location": null,
          "numPassingAsserts": 1,
          "retryReasons": [],
          "startAt": 1766204741990,
          "status": "failed",
          "title": "should register a new user"
        },
        {
          "ancestorTitles": ["Auth Integration"],
          "duration": 15,
          "failing": false,
          "failureDetails": [],
          "failureMessages": [],
          "fullName": "Auth Integration should fail on duplicate email",
          "invocations": 1,
          "location": null,
          "numPassingAsserts": 2,
          "retryReasons": [],
          "startAt": 1766204742675,
          "status": "passed",
          "title": "should fail on duplicate email"
        },
        {
          "ancestorTitles": ["Auth Integration"],
          "duration": 11,
          "failing": false,
          "failureDetails": [],
          "failureMessages": [],
          "fullName": "Auth Integration should fail on invalid email (Zod)",
          "invocations": 1,
          "location": null,
          "numPassingAsserts": 2,
          "retryReasons": [],
          "startAt": 1766204742691,
          "status": "passed",
          "title": "should fail on invalid email (Zod)"
        }
      ],
      "endTime": 1766204742744,
      "message": "\u001b[1m\u001b[31m  \u001b[1m● \u001b[22m\u001b[1mAuth Integration › should register a new user\u001b[39m\u001b[22m\n\n    \u001b[2mexpect(\u001b[22m\u001b[31mreceived\u001b[39m\u001b[2m).\u001b[22mtoHaveProperty\u001b[2m(\u001b[22m\u001b[32mpath\u001b[39m\u001b[2m)\u001b[22m\n\n    \u001b[1mMatcher error\u001b[22m: \u001b[31mreceived\u001b[39m value must not be null nor undefined\n\n    Received has value: \u001b[31mundefined\u001b[39m\n\u001b[2m\u001b[22m\n\u001b[2m    \u001b[0m \u001b[90m 35 |\u001b[39m\u001b[22m\n\u001b[2m     \u001b[90m 36 |\u001b[39m     expect(res\u001b[33m.\u001b[39mstatus)\u001b[33m.\u001b[39mtoBe(\u001b[35m201\u001b[39m)\u001b[33m;\u001b[39m\u001b[22m\n\u001b[2m    \u001b[31m\u001b[1m>\u001b[22m\u001b[2m\u001b[39m\u001b[90m 37 |\u001b[39m     expect(res\u001b[33m.\u001b[39mbody\u001b[33m.\u001b[39muser)\u001b[33m.\u001b[39mtoHaveProperty(\u001b[32m\"id\"\u001b[39m)\u001b[33m;\u001b[39m\u001b[22m\n\u001b[2m     \u001b[90m    |\u001b[39m                           \u001b[31m\u001b[1m^\u001b[22m\u001b[2m\u001b[39m\u001b[22m\n\u001b[2m     \u001b[90m 38 |\u001b[39m     expect(res\u001b[33m.\u001b[39mbody\u001b[33m.\u001b[39muser\u001b[33m.\u001b[39memail)\u001b[33m.\u001b[39mtoBe(\u001b[32m\"test@example.com\"\u001b[39m)\u001b[33m;\u001b[39m\u001b[22m\n\u001b[2m     \u001b[90m 39 |\u001b[39m\u001b[22m\n\u001b[2m     \u001b[90m 40 |\u001b[39m     \u001b[90m// Verify DB\u001b[39m\u001b[0m\u001b[22m\n\u001b[2m\u001b[22m\n\u001b[2m      \u001b[2mat Object.<anonymous> (\u001b[22m\u001b[2m\u001b[0m\u001b[36mtests/integration/auth.test.ts\u001b[39m\u001b[0m\u001b[2m:37:27)\u001b[22m\u001b[2m\u001b[22m\n",
      "name": "C:\\Users\\akash\\Documents\\Param_Adventures_Phase1\\apps\\api\\tests\\integration\\auth.test.ts",
      "startTime": 1766204736506,
      "status": "failed",
      "summary": ""
    }
  ],
  "wasInterrupted": false
}
